[debug] [2024-10-03T11:00:01.876Z] ----------------------------------------------------------------------
[debug] [2024-10-03T11:00:01.878Z] Command:       C:\Program Files\nodejs\node.exe C:\Users\Yassine KERFAI\AppData\Roaming\npm\node_modules\firebase-tools\lib\bin\firebase.js init
[debug] [2024-10-03T11:00:01.878Z] CLI Version:   13.20.2
[debug] [2024-10-03T11:00:01.878Z] Platform:      win32
[debug] [2024-10-03T11:00:01.878Z] Node Version:  v18.16.0
[debug] [2024-10-03T11:00:01.879Z] Time:          Thu Oct 03 2024 12:00:01 GMT+0100 (Central European Standard Time)
[debug] [2024-10-03T11:00:01.879Z] ----------------------------------------------------------------------
[debug] 
[debug] [2024-10-03T11:00:01.940Z] > command requires scopes: ["email","openid","https://www.googleapis.com/auth/cloudplatformprojects.readonly","https://www.googleapis.com/auth/firebase","https://www.googleapis.com/auth/cloud-platform"]
[debug] [2024-10-03T11:00:01.941Z] > authorizing via signed-in user (yassine.kerfai@etudiant-enit.utm.tn)
[info] 
     ######## #### ########  ######## ########     ###     ######  ########
     ##        ##  ##     ## ##       ##     ##  ##   ##  ##       ##
     ######    ##  ########  ######   ########  #########  ######  ######
     ##        ##  ##    ##  ##       ##     ## ##     ##       ## ##
     ##       #### ##     ## ######## ########  ##     ##  ######  ########

You're about to initialize a Firebase project in this directory:

  D:\projects\portfolio

Before we get started, keep in mind:

  * You are initializing within an existing Firebase project directory

[info] 
=== Project Setup
[info] 
[info] First, let's associate this project directory with a Firebase project.
[info] You can create multiple project aliases by running firebase use --add, 
[info] but for now we'll just set up a default project.
[info] 
[debug] [2024-10-03T11:00:19.978Z] Checked if tokens are valid: false, expires at: 1683913603073
[debug] [2024-10-03T11:00:19.979Z] Checked if tokens are valid: false, expires at: 1683913603073
[debug] [2024-10-03T11:00:19.979Z] > refreshing access token with scopes: []
[debug] [2024-10-03T11:00:19.981Z] >>> [apiv2][query] POST https://www.googleapis.com/oauth2/v3/token [none]
[debug] [2024-10-03T11:00:19.981Z] >>> [apiv2][body] POST https://www.googleapis.com/oauth2/v3/token [omitted]
[debug] [2024-10-03T11:00:20.256Z] <<< [apiv2][status] POST https://www.googleapis.com/oauth2/v3/token 400
[debug] [2024-10-03T11:00:20.256Z] <<< [apiv2][body] POST https://www.googleapis.com/oauth2/v3/token [omitted]
[debug] [2024-10-03T11:00:20.256Z] >>> [apiv2][query] GET https://firebase.googleapis.com/v1beta1/projects pageSize=100
[debug] [2024-10-03T11:00:20.450Z] <<< [apiv2][status] GET https://firebase.googleapis.com/v1beta1/projects 401
[debug] [2024-10-03T11:00:20.450Z] <<< [apiv2][body] GET https://firebase.googleapis.com/v1beta1/projects [omitted]
[debug] [2024-10-03T11:00:20.450Z] Got a 401 Unauthenticated error for a call that required authentication. Refreshing tokens.
[debug] [2024-10-03T11:00:20.450Z] Checked if tokens are valid: false, expires at: 1683913603073
[debug] [2024-10-03T11:00:20.450Z] Checked if tokens are valid: false, expires at: 1683913603073
[debug] [2024-10-03T11:00:20.450Z] > refreshing access token with scopes: []
[debug] [2024-10-03T11:00:20.451Z] >>> [apiv2][query] POST https://www.googleapis.com/oauth2/v3/token [none]
[debug] [2024-10-03T11:00:20.451Z] >>> [apiv2][body] POST https://www.googleapis.com/oauth2/v3/token [omitted]
[debug] [2024-10-03T11:00:20.637Z] <<< [apiv2][status] POST https://www.googleapis.com/oauth2/v3/token 400
[debug] [2024-10-03T11:00:20.637Z] <<< [apiv2][body] POST https://www.googleapis.com/oauth2/v3/token [omitted]
[debug] [2024-10-03T11:00:20.638Z] HTTP Error: 401, Request had invalid authentication credentials. Expected OAuth 2 access token, login cookie or other valid authentication credential. See https://developers.google.com/identity/sign-in/web/devconsole-project.
[debug] [2024-10-03T11:00:20.813Z] FirebaseError: HTTP Error: 401, Request had invalid authentication credentials. Expected OAuth 2 access token, login cookie or other valid authentication credential. See https://developers.google.com/identity/sign-in/web/devconsole-project.
    at responseToError (C:\Users\Yassine KERFAI\AppData\Roaming\npm\node_modules\firebase-tools\lib\responseToError.js:49:12)
    at RetryOperation._fn (C:\Users\Yassine KERFAI\AppData\Roaming\npm\node_modules\firebase-tools\lib\apiv2.js:312:77)
    at process.processTicksAndRejections (node:internal/process/task_queues:95:5)
[error] 
[error] Error: Failed to list Firebase projects. See firebase-debug.log for more info.
[debug] [2024-10-03T11:01:45.372Z] ----------------------------------------------------------------------
[debug] [2024-10-03T11:01:45.374Z] Command:       C:\Program Files\nodejs\node.exe C:\Users\Yassine KERFAI\AppData\Roaming\npm\node_modules\firebase-tools\lib\bin\firebase.js init
[debug] [2024-10-03T11:01:45.374Z] CLI Version:   13.20.2
[debug] [2024-10-03T11:01:45.374Z] Platform:      win32
[debug] [2024-10-03T11:01:45.374Z] Node Version:  v18.16.0
[debug] [2024-10-03T11:01:45.375Z] Time:          Thu Oct 03 2024 12:01:45 GMT+0100 (Central European Standard Time)
[debug] [2024-10-03T11:01:45.375Z] ----------------------------------------------------------------------
[debug] 
[debug] [2024-10-03T11:01:45.431Z] > command requires scopes: ["email","openid","https://www.googleapis.com/auth/cloudplatformprojects.readonly","https://www.googleapis.com/auth/firebase","https://www.googleapis.com/auth/cloud-platform"]
[debug] [2024-10-03T11:01:45.432Z] > authorizing via signed-in user (yassine.kerfai@etudiant-enit.utm.tn)
[info] 
     ######## #### ########  ######## ########     ###     ######  ########
     ##        ##  ##     ## ##       ##     ##  ##   ##  ##       ##
     ######    ##  ########  ######   ########  #########  ######  ######
     ##        ##  ##    ##  ##       ##     ## ##     ##       ## ##
     ##       #### ##     ## ######## ########  ##     ##  ######  ########

You're about to initialize a Firebase project in this directory:

  D:\projects\portfolio

Before we get started, keep in mind:

  * You are initializing within an existing Firebase project directory

[info] 
=== Project Setup
[info] 
[info] First, let's associate this project directory with a Firebase project.
[info] You can create multiple project aliases by running firebase use --add, 
[info] but for now we'll just set up a default project.
[info] 
[debug] [2024-10-03T11:01:50.959Z] Checked if tokens are valid: false, expires at: 1683913603073
[debug] [2024-10-03T11:01:50.959Z] Checked if tokens are valid: false, expires at: 1683913603073
[debug] [2024-10-03T11:01:50.959Z] > refreshing access token with scopes: []
[debug] [2024-10-03T11:01:50.961Z] >>> [apiv2][query] POST https://www.googleapis.com/oauth2/v3/token [none]
[debug] [2024-10-03T11:01:50.961Z] >>> [apiv2][body] POST https://www.googleapis.com/oauth2/v3/token [omitted]
[debug] [2024-10-03T11:01:51.209Z] <<< [apiv2][status] POST https://www.googleapis.com/oauth2/v3/token 400
[debug] [2024-10-03T11:01:51.209Z] <<< [apiv2][body] POST https://www.googleapis.com/oauth2/v3/token [omitted]
[debug] [2024-10-03T11:01:51.209Z] >>> [apiv2][query] GET https://firebase.googleapis.com/v1beta1/projects pageSize=100
[debug] [2024-10-03T11:01:51.513Z] <<< [apiv2][status] GET https://firebase.googleapis.com/v1beta1/projects 401
[debug] [2024-10-03T11:01:51.514Z] <<< [apiv2][body] GET https://firebase.googleapis.com/v1beta1/projects [omitted]
[debug] [2024-10-03T11:01:51.514Z] Got a 401 Unauthenticated error for a call that required authentication. Refreshing tokens.
[debug] [2024-10-03T11:01:51.514Z] Checked if tokens are valid: false, expires at: 1683913603073
[debug] [2024-10-03T11:01:51.514Z] Checked if tokens are valid: false, expires at: 1683913603073
[debug] [2024-10-03T11:01:51.514Z] > refreshing access token with scopes: []
[debug] [2024-10-03T11:01:51.514Z] >>> [apiv2][query] POST https://www.googleapis.com/oauth2/v3/token [none]
[debug] [2024-10-03T11:01:51.514Z] >>> [apiv2][body] POST https://www.googleapis.com/oauth2/v3/token [omitted]
[debug] [2024-10-03T11:01:52.134Z] <<< [apiv2][status] POST https://www.googleapis.com/oauth2/v3/token 400
[debug] [2024-10-03T11:01:52.134Z] <<< [apiv2][body] POST https://www.googleapis.com/oauth2/v3/token [omitted]
[debug] [2024-10-03T11:01:52.135Z] HTTP Error: 401, Request had invalid authentication credentials. Expected OAuth 2 access token, login cookie or other valid authentication credential. See https://developers.google.com/identity/sign-in/web/devconsole-project.
[debug] [2024-10-03T11:01:52.755Z] FirebaseError: HTTP Error: 401, Request had invalid authentication credentials. Expected OAuth 2 access token, login cookie or other valid authentication credential. See https://developers.google.com/identity/sign-in/web/devconsole-project.
    at responseToError (C:\Users\Yassine KERFAI\AppData\Roaming\npm\node_modules\firebase-tools\lib\responseToError.js:49:12)
    at RetryOperation._fn (C:\Users\Yassine KERFAI\AppData\Roaming\npm\node_modules\firebase-tools\lib\apiv2.js:312:77)
    at process.processTicksAndRejections (node:internal/process/task_queues:95:5)
[error] 
[error] Error: Failed to list Firebase projects. See firebase-debug.log for more info.
